<?xml version="1.0" encoding="UTF-8"?>
<!-- Generated by org.testng.reporters.JUnitXMLReporter -->
<testsuite ignored="0" hostname="DESKTOP-SS4RDQI" failures="0" tests="6" name="Surefire test" time="29.777" errors="0" timestamp="21 Oct 2020 12:32:14 GMT">
  <testcase classname="SanityTests.sauceDemoWeb" name="test01" time="10.662"/>
  <testcase classname="SanityTests.sauceDemoWeb" name="test02" time="0.378"/>
  <testcase classname="SanityTests.sauceDemoWeb" name="test03" time="1.796"/>
  <testcase classname="SanityTests.sauceDemoWeb" name="test04" time="0.812"/>
  <testcase classname="SanityTests.sauceDemoWeb" name="test05" time="4.62"/>
  <testcase classname="SanityTests.sauceDemoWeb" name="test06" time="0.013"/>
</testsuite> <!-- Surefire test -->
