<?xml version="1.0" encoding="UTF-8"?>
<!-- Generated by org.testng.reporters.JUnitXMLReporter -->
<testsuite ignored="0" hostname="DESKTOP-SS4RDQI" failures="0" tests="4" name="Api Tests" time="7.899" errors="0" timestamp="22 Oct 2020 19:39:29 GMT">
  <testcase classname="SanityTests.grafanaApi" name="test01_getTeam" time="1.589"/>
  <testcase classname="SanityTests.grafanaApi" name="test02_addTeamAndVerify" time="0.176"/>
  <testcase classname="SanityTests.grafanaApi" name="test03_update" time="0.234"/>
  <testcase classname="SanityTests.grafanaApi" name="test04_update" time="0.175"/>
</testsuite> <!-- Api Tests -->
