<?xml version="1.0" encoding="UTF-8"?>
<!-- Generated by org.testng.reporters.JUnitXMLReporter -->
<testsuite ignored="0" hostname="DESKTOP-SS4RDQI" failures="0" tests="5" name="Web Tests" time="17.399" errors="0" timestamp="05 Nov 2020 18:13:30 GMT">
  <testcase classname="SanityTests.sauceDemoWeb" name="test01" time="1.587"/>
  <testcase classname="SanityTests.sauceDemoWeb" name="test02" time="0.419"/>
  <testcase classname="SanityTests.sauceDemoWeb" name="test03" time="1.539"/>
  <testcase classname="SanityTests.sauceDemoWeb" name="test04" time="0.714"/>
  <testcase classname="SanityTests.sauceDemoWeb" name="test05" time="3.143"/>
</testsuite> <!-- Web Tests -->
