<?xml version="1.0" encoding="UTF-8"?>
<testng-results ignored="0" total="5" passed="5" failed="0" skipped="0">
  <reporter-output>
  </reporter-output>
  <suite started-at="2020-11-05T18:13:13Z" name="Suite" finished-at="2020-11-05T18:13:30Z" duration-ms="17399">
    <groups>
    </groups>
    <test started-at="2020-11-05T18:13:13Z" name="Web Tests" finished-at="2020-11-05T18:13:30Z" duration-ms="17399">
      <class name="SanityTests.sauceDemoWeb">
        <test-method is-config="true" signature="startSession(java.lang.String)[pri:0, instance:SanityTests.sauceDemoWeb@4fe01805]" started-at="2020-11-05T18:13:13Z" name="startSession" finished-at="2020-11-05T18:13:22Z" duration-ms="8961" status="PASS">
          <params>
            <param index="0">
              <value>
                <![CDATA[web]]>
              </value>
            </param>
          </params>
          <reporter-output>
          </reporter-output>
        </test-method> <!-- startSession -->
        <test-method signature="test01()[pri:0, instance:SanityTests.sauceDemoWeb@4fe01805]" started-at="2020-11-05T18:13:22Z" name="test01" description="Test01: Login to sauceDemo" finished-at="2020-11-05T18:13:23Z" duration-ms="1587" status="PASS">
          <reporter-output>
          </reporter-output>
        </test-method> <!-- test01 -->
        <test-method signature="test02()[pri:0, instance:SanityTests.sauceDemoWeb@4fe01805]" started-at="2020-11-05T18:13:23Z" name="test02" description="Test02: Add one product" finished-at="2020-11-05T18:13:24Z" duration-ms="419" status="PASS">
          <reporter-output>
          </reporter-output>
        </test-method> <!-- test02 -->
        <test-method signature="test03()[pri:0, instance:SanityTests.sauceDemoWeb@4fe01805]" started-at="2020-11-05T18:13:24Z" name="test03" description="Test03: Add all products" finished-at="2020-11-05T18:13:25Z" duration-ms="1539" status="PASS">
          <reporter-output>
          </reporter-output>
        </test-method> <!-- test03 -->
        <test-method signature="test04()[pri:0, instance:SanityTests.sauceDemoWeb@4fe01805]" started-at="2020-11-05T18:13:25Z" name="test04" description="Test04: Verify product&#039;s page robot" finished-at="2020-11-05T18:13:26Z" duration-ms="714" status="PASS">
          <reporter-output>
          </reporter-output>
        </test-method> <!-- test04 -->
        <test-method signature="test05()[pri:0, instance:SanityTests.sauceDemoWeb@4fe01805]" started-at="2020-11-05T18:13:26Z" name="test05" description="Test04: Navigate to LabsPage" finished-at="2020-11-05T18:13:29Z" duration-ms="3143" status="PASS">
          <reporter-output>
          </reporter-output>
        </test-method> <!-- test05 -->
        <test-method is-config="true" signature="closeSession()[pri:0, instance:SanityTests.sauceDemoWeb@4fe01805]" started-at="2020-11-05T18:13:29Z" name="closeSession" finished-at="2020-11-05T18:13:30Z" duration-ms="663" status="PASS">
          <reporter-output>
          </reporter-output>
        </test-method> <!-- closeSession -->
      </class> <!-- SanityTests.sauceDemoWeb -->
    </test> <!-- Web Tests -->
  </suite> <!-- Suite -->
</testng-results>
